<?xml version="1.0" encoding="UTF-8"?>
<!-- Generated by org.testng.reporters.JUnitReportReporter -->
<testsuite hostname="Karthiks-MacBook-Air.local" failures="0" tests="1" name="runners.MyTestNGRunner" time="12.919" errors="0" timestamp="2022-03-18T12:52:33 IST" skipped="0">
  <testcase classname="runners.MyTestNGRunner" name="runScenario" time="12.919"/>
</testsuite> <!-- runners.MyTestNGRunner -->
