<?xml version="1.0" encoding="UTF-8"?>
<!-- Generated by org.testng.reporters.JUnitReportReporter -->
<testsuite hostname="Karthiks-MacBook-Air.local" failures="0" tests="2" name="stepdefinitionpackage.MyTestNGRunner" time="0.021" errors="0" timestamp="2022-03-17T16:07:03 IST" skipped="0">
  <testcase classname="stepdefinitionpackage.MyTestNGRunner" name="runScenario" time="0.002"/>
  <testcase classname="stepdefinitionpackage.MyTestNGRunner" name="runScenario" time="0.019"/>
</testsuite> <!-- stepdefinitionpackage.MyTestNGRunner -->
